This is pdfTeX, Version 3.141592653-2.6-1.40.24 (TeX Live 2022) (preloaded format=pdflatex 2022.12.24)  17 SEP 2024 19:27
entering extended mode
 file:line:error style messages enabled.
 %&-line parsing enabled.
**c:/Users/franc/OneDrive/Desktop/UNI/PhD_Thesis/PhD-Thesis/thesis
(c:/Users/franc/OneDrive/Desktop/UNI/PhD_Thesis/PhD-Thesis/thesis.tex
LaTeX2e <2021-11-15> patch level 1
L3 programming layer <2022-02-24> (c:/texlive/2022/texmf-dist/tex/latex/base/book.cls
Document Class: book 2021/10/04 v1.4n Standard LaTeX document class
(c:/texlive/2022/texmf-dist/tex/latex/base/bk12.clo
File: bk12.clo 2021/10/04 v1.4n Standard LaTeX file (size option)
)
\c@part=\count185
\c@chapter=\count186
\c@section=\count187
\c@subsection=\count188
\c@subsubsection=\count189
\c@paragraph=\count190
\c@subparagraph=\count191
\c@figure=\count192
\c@table=\count193
\abovecaptionskip=\skip47
\belowcaptionskip=\skip48
\bibindent=\dimen138
) (c:/texlive/2022/texmf-dist/tex/latex/enumitem/enumitem.sty
Package: enumitem 2019/06/20 v3.9 Customized lists
\enitkv@toks@=\toks16
\labelindent=\skip49
\enit@outerparindent=\dimen139
\enit@toks=\toks17
\enit@inbox=\box50
\enit@count@id=\count194
\enitdp@description=\count195
) (./style.sty (c:/texlive/2022/texmf-dist/tex/latex/eso-pic/eso-pic.sty
Package: eso-pic 2020/10/14 v3.0a eso-pic (RN)
\ESO@tempdima=\dimen140
\ESO@tempdimb=\dimen141
 (c:/texlive/2022/texmf-dist/tex/latex/graphics/keyval.sty
Package: keyval 2014/10/28 v1.15 key=value parser (DPC)
\KV@toks@=\toks18
) (c:/texlive/2022/texmf-dist/tex/latex/xcolor/xcolor.sty
Package: xcolor 2021/10/31 v2.13 LaTeX color extensions (UK)
 (c:/texlive/2022/texmf-dist/tex/latex/graphics-cfg/color.cfg
File: color.cfg 2016/01/02 v1.6 sample color configuration
)
Package xcolor Info: Driver file: pdftex.def on input line 227.
 (c:/texlive/2022/texmf-dist/tex/latex/graphics-def/pdftex.def
File: pdftex.def 2020/10/05 v1.2a Graphics/color driver for pdftex
)
Package xcolor Info: Model `cmy' substituted by `cmy0' on input line 1352.
Package xcolor Info: Model `hsb' substituted by `rgb' on input line 1356.
Package xcolor Info: Model `RGB' extended on input line 1368.
Package xcolor Info: Model `HTML' substituted by `rgb' on input line 1370.
Package xcolor Info: Model `Hsb' substituted by `hsb' on input line 1371.
Package xcolor Info: Model `tHsb' substituted by `hsb' on input line 1372.
Package xcolor Info: Model `HSB' substituted by `hsb' on input line 1373.
Package xcolor Info: Model `Gray' substituted by `gray' on input line 1374.
Package xcolor Info: Model `wave' substituted by `hsb' on input line 1375.
)) (c:/texlive/2022/texmf-dist/tex/latex/tools/xspace.sty
Package: xspace 2014/10/28 v1.13 Space after command names (DPC,MH)
)) (c:/texlive/2022/texmf-dist/tex/latex/graphics/rotating.sty
Package: rotating 2016/08/11 v2.16d rotated objects in LaTeX
 (c:/texlive/2022/texmf-dist/tex/latex/graphics/graphicx.sty
Package: graphicx 2021/09/16 v1.2d Enhanced LaTeX Graphics (DPC,SPQR)
 (c:/texlive/2022/texmf-dist/tex/latex/graphics/graphics.sty
Package: graphics 2021/03/04 v1.4d Standard LaTeX Graphics (DPC,SPQR)
 (c:/texlive/2022/texmf-dist/tex/latex/graphics/trig.sty
Package: trig 2021/08/11 v1.11 sin cos tan (DPC)
) (c:/texlive/2022/texmf-dist/tex/latex/graphics-cfg/graphics.cfg
File: graphics.cfg 2016/06/04 v1.11 sample graphics configuration
)
Package graphics Info: Driver file: pdftex.def on input line 107.
)
\Gin@req@height=\dimen142
\Gin@req@width=\dimen143
) (c:/texlive/2022/texmf-dist/tex/latex/base/ifthen.sty
Package: ifthen 2020/11/24 v1.1c Standard LaTeX ifthen package (DPC)
)
\c@r@tfl@t=\count196
\rotFPtop=\skip50
\rotFPbot=\skip51
\rot@float@box=\box51
\rot@mess@toks=\toks19
) (c:/texlive/2022/texmf-dist/tex/latex/pgf/frontendlayer/tikz.sty (c:/texlive/2022/texmf-dist/tex/latex/pgf/basiclayer/pgf.sty (c:/texlive/2022/texmf-dist/tex/latex/pgf/utilities/pgfrcs.sty (c:/texlive/2022/texmf-dist/tex/generic/pgf/utilities/pgfutil-common.tex
\pgfutil@everybye=\toks20
\pgfutil@tempdima=\dimen144
\pgfutil@tempdimb=\dimen145
 (c:/texlive/2022/texmf-dist/tex/generic/pgf/utilities/pgfutil-common-lists.tex)) (c:/texlive/2022/texmf-dist/tex/generic/pgf/utilities/pgfutil-latex.def
\pgfutil@abb=\box52
) (c:/texlive/2022/texmf-dist/tex/generic/pgf/utilities/pgfrcs.code.tex (c:/texlive/2022/texmf-dist/tex/generic/pgf/pgf.revision.tex)
Package: pgfrcs 2021/05/15 v3.1.9a (3.1.9a)
))
Package: pgf 2021/05/15 v3.1.9a (3.1.9a)
 (c:/texlive/2022/texmf-dist/tex/latex/pgf/basiclayer/pgfcore.sty (c:/texlive/2022/texmf-dist/tex/latex/pgf/systemlayer/pgfsys.sty (c:/texlive/2022/texmf-dist/tex/generic/pgf/systemlayer/pgfsys.code.tex
Package: pgfsys 2021/05/15 v3.1.9a (3.1.9a)
 (c:/texlive/2022/texmf-dist/tex/generic/pgf/utilities/pgfkeys.code.tex
\pgfkeys@pathtoks=\toks21
\pgfkeys@temptoks=\toks22
 (c:/texlive/2022/texmf-dist/tex/generic/pgf/utilities/pgfkeysfiltered.code.tex
\pgfkeys@tmptoks=\toks23
))
\pgf@x=\dimen146
\pgf@y=\dimen147
\pgf@xa=\dimen148
\pgf@ya=\dimen149
\pgf@xb=\dimen150
\pgf@yb=\dimen151
\pgf@xc=\dimen152
\pgf@yc=\dimen153
\pgf@xd=\dimen154
\pgf@yd=\dimen155
\w@pgf@writea=\write3
\r@pgf@reada=\read2
\c@pgf@counta=\count197
\c@pgf@countb=\count198
\c@pgf@countc=\count199
\c@pgf@countd=\count266
\t@pgf@toka=\toks24
\t@pgf@tokb=\toks25
\t@pgf@tokc=\toks26
\pgf@sys@id@count=\count267
 (c:/texlive/2022/texmf-dist/tex/generic/pgf/systemlayer/pgf.cfg
File: pgf.cfg 2021/05/15 v3.1.9a (3.1.9a)
)
Driver file for pgf: pgfsys-pdftex.def
 (c:/texlive/2022/texmf-dist/tex/generic/pgf/systemlayer/pgfsys-pdftex.def
File: pgfsys-pdftex.def 2021/05/15 v3.1.9a (3.1.9a)
 (c:/texlive/2022/texmf-dist/tex/generic/pgf/systemlayer/pgfsys-common-pdf.def
File: pgfsys-common-pdf.def 2021/05/15 v3.1.9a (3.1.9a)
))) (c:/texlive/2022/texmf-dist/tex/generic/pgf/systemlayer/pgfsyssoftpath.code.tex
File: pgfsyssoftpath.code.tex 2021/05/15 v3.1.9a (3.1.9a)
\pgfsyssoftpath@smallbuffer@items=\count268
\pgfsyssoftpath@bigbuffer@items=\count269
) (c:/texlive/2022/texmf-dist/tex/generic/pgf/systemlayer/pgfsysprotocol.code.tex
File: pgfsysprotocol.code.tex 2021/05/15 v3.1.9a (3.1.9a)
)) (c:/texlive/2022/texmf-dist/tex/generic/pgf/basiclayer/pgfcore.code.tex
Package: pgfcore 2021/05/15 v3.1.9a (3.1.9a)
 (c:/texlive/2022/texmf-dist/tex/generic/pgf/math/pgfmath.code.tex (c:/texlive/2022/texmf-dist/tex/generic/pgf/math/pgfmathcalc.code.tex (c:/texlive/2022/texmf-dist/tex/generic/pgf/math/pgfmathutil.code.tex) (c:/texlive/2022/texmf-dist/tex/generic/pgf/math/pgfmathparser.code.tex
\pgfmath@dimen=\dimen156
\pgfmath@count=\count270
\pgfmath@box=\box53
\pgfmath@toks=\toks27
\pgfmath@stack@operand=\toks28
\pgfmath@stack@operation=\toks29
) (c:/texlive/2022/texmf-dist/tex/generic/pgf/math/pgfmathfunctions.code.tex (c:/texlive/2022/texmf-dist/tex/generic/pgf/math/pgfmathfunctions.basic.code.tex) (c:/texlive/2022/texmf-dist/tex/generic/pgf/math/pgfmathfunctions.trigonometric.code.tex) (c:/texlive/2022/texmf-dist/tex/generic/pgf/math/pgfmathfunctions.random.code.tex) (c:/texlive/2022/texmf-dist/tex/generic/pgf/math/pgfmathfunctions.comparison.code.tex) (c:/texlive/2022/texmf-dist/tex/generic/pgf/math/pgfmathfunctions.base.code.tex) (c:/texlive/2022/texmf-dist/tex/generic/pgf/math/pgfmathfunctions.round.code.tex) (c:/texlive/2022/texmf-dist/tex/generic/pgf/math/pgfmathfunctions.misc.code.tex) (c:/texlive/2022/texmf-dist/tex/generic/pgf/math/pgfmathfunctions.integerarithmetics.code.tex))) (c:/texlive/2022/texmf-dist/tex/generic/pgf/math/pgfmathfloat.code.tex
\c@pgfmathroundto@lastzeros=\count271
)) (c:/texlive/2022/texmf-dist/tex/generic/pgf/math/pgfint.code.tex) (c:/texlive/2022/texmf-dist/tex/generic/pgf/basiclayer/pgfcorepoints.code.tex
File: pgfcorepoints.code.tex 2021/05/15 v3.1.9a (3.1.9a)
\pgf@picminx=\dimen157
\pgf@picmaxx=\dimen158
\pgf@picminy=\dimen159
\pgf@picmaxy=\dimen160
\pgf@pathminx=\dimen161
\pgf@pathmaxx=\dimen162
\pgf@pathminy=\dimen163
\pgf@pathmaxy=\dimen164
\pgf@xx=\dimen165
\pgf@xy=\dimen166
\pgf@yx=\dimen167
\pgf@yy=\dimen168
\pgf@zx=\dimen169
\pgf@zy=\dimen170
) (c:/texlive/2022/texmf-dist/tex/generic/pgf/basiclayer/pgfcorepathconstruct.code.tex
File: pgfcorepathconstruct.code.tex 2021/05/15 v3.1.9a (3.1.9a)
\pgf@path@lastx=\dimen171
\pgf@path@lasty=\dimen172
) (c:/texlive/2022/texmf-dist/tex/generic/pgf/basiclayer/pgfcorepathusage.code.tex
File: pgfcorepathusage.code.tex 2021/05/15 v3.1.9a (3.1.9a)
\pgf@shorten@end@additional=\dimen173
\pgf@shorten@start@additional=\dimen174
) (c:/texlive/2022/texmf-dist/tex/generic/pgf/basiclayer/pgfcorescopes.code.tex
File: pgfcorescopes.code.tex 2021/05/15 v3.1.9a (3.1.9a)
\pgfpic=\box54
\pgf@hbox=\box55
\pgf@layerbox@main=\box56
\pgf@picture@serial@count=\count272
) (c:/texlive/2022/texmf-dist/tex/generic/pgf/basiclayer/pgfcoregraphicstate.code.tex
File: pgfcoregraphicstate.code.tex 2021/05/15 v3.1.9a (3.1.9a)
\pgflinewidth=\dimen175
) (c:/texlive/2022/texmf-dist/tex/generic/pgf/basiclayer/pgfcoretransformations.code.tex
File: pgfcoretransformations.code.tex 2021/05/15 v3.1.9a (3.1.9a)
\pgf@pt@x=\dimen176
\pgf@pt@y=\dimen177
\pgf@pt@temp=\dimen178
) (c:/texlive/2022/texmf-dist/tex/generic/pgf/basiclayer/pgfcorequick.code.tex
File: pgfcorequick.code.tex 2021/05/15 v3.1.9a (3.1.9a)
) (c:/texlive/2022/texmf-dist/tex/generic/pgf/basiclayer/pgfcoreobjects.code.tex
File: pgfcoreobjects.code.tex 2021/05/15 v3.1.9a (3.1.9a)
) (c:/texlive/2022/texmf-dist/tex/generic/pgf/basiclayer/pgfcorepathprocessing.code.tex
File: pgfcorepathprocessing.code.tex 2021/05/15 v3.1.9a (3.1.9a)
) (c:/texlive/2022/texmf-dist/tex/generic/pgf/basiclayer/pgfcorearrows.code.tex
File: pgfcorearrows.code.tex 2021/05/15 v3.1.9a (3.1.9a)
\pgfarrowsep=\dimen179
) (c:/texlive/2022/texmf-dist/tex/generic/pgf/basiclayer/pgfcoreshade.code.tex
File: pgfcoreshade.code.tex 2021/05/15 v3.1.9a (3.1.9a)
\pgf@max=\dimen180
\pgf@sys@shading@range@num=\count273
\pgf@shadingcount=\count274
) (c:/texlive/2022/texmf-dist/tex/generic/pgf/basiclayer/pgfcoreimage.code.tex
File: pgfcoreimage.code.tex 2021/05/15 v3.1.9a (3.1.9a)
 (c:/texlive/2022/texmf-dist/tex/generic/pgf/basiclayer/pgfcoreexternal.code.tex
File: pgfcoreexternal.code.tex 2021/05/15 v3.1.9a (3.1.9a)
\pgfexternal@startupbox=\box57
)) (c:/texlive/2022/texmf-dist/tex/generic/pgf/basiclayer/pgfcorelayers.code.tex
File: pgfcorelayers.code.tex 2021/05/15 v3.1.9a (3.1.9a)
) (c:/texlive/2022/texmf-dist/tex/generic/pgf/basiclayer/pgfcoretransparency.code.tex
File: pgfcoretransparency.code.tex 2021/05/15 v3.1.9a (3.1.9a)
) (c:/texlive/2022/texmf-dist/tex/generic/pgf/basiclayer/pgfcorepatterns.code.tex
File: pgfcorepatterns.code.tex 2021/05/15 v3.1.9a (3.1.9a)
) (c:/texlive/2022/texmf-dist/tex/generic/pgf/basiclayer/pgfcorerdf.code.tex
File: pgfcorerdf.code.tex 2021/05/15 v3.1.9a (3.1.9a)
))) (c:/texlive/2022/texmf-dist/tex/generic/pgf/modules/pgfmoduleshapes.code.tex
File: pgfmoduleshapes.code.tex 2021/05/15 v3.1.9a (3.1.9a)
\pgfnodeparttextbox=\box58
) (c:/texlive/2022/texmf-dist/tex/generic/pgf/modules/pgfmoduleplot.code.tex
File: pgfmoduleplot.code.tex 2021/05/15 v3.1.9a (3.1.9a)
) (c:/texlive/2022/texmf-dist/tex/latex/pgf/compatibility/pgfcomp-version-0-65.sty
Package: pgfcomp-version-0-65 2021/05/15 v3.1.9a (3.1.9a)
\pgf@nodesepstart=\dimen181
\pgf@nodesepend=\dimen182
) (c:/texlive/2022/texmf-dist/tex/latex/pgf/compatibility/pgfcomp-version-1-18.sty
Package: pgfcomp-version-1-18 2021/05/15 v3.1.9a (3.1.9a)
)) (c:/texlive/2022/texmf-dist/tex/latex/pgf/utilities/pgffor.sty (c:/texlive/2022/texmf-dist/tex/latex/pgf/utilities/pgfkeys.sty (c:/texlive/2022/texmf-dist/tex/generic/pgf/utilities/pgfkeys.code.tex)) (c:/texlive/2022/texmf-dist/tex/latex/pgf/math/pgfmath.sty (c:/texlive/2022/texmf-dist/tex/generic/pgf/math/pgfmath.code.tex)) (c:/texlive/2022/texmf-dist/tex/generic/pgf/utilities/pgffor.code.tex
Package: pgffor 2021/05/15 v3.1.9a (3.1.9a)
 (c:/texlive/2022/texmf-dist/tex/generic/pgf/math/pgfmath.code.tex)
\pgffor@iter=\dimen183
\pgffor@skip=\dimen184
\pgffor@stack=\toks30
\pgffor@toks=\toks31
)) (c:/texlive/2022/texmf-dist/tex/generic/pgf/frontendlayer/tikz/tikz.code.tex
Package: tikz 2021/05/15 v3.1.9a (3.1.9a)
 (c:/texlive/2022/texmf-dist/tex/generic/pgf/libraries/pgflibraryplothandlers.code.tex
File: pgflibraryplothandlers.code.tex 2021/05/15 v3.1.9a (3.1.9a)
\pgf@plot@mark@count=\count275
\pgfplotmarksize=\dimen185
)
\tikz@lastx=\dimen186
\tikz@lasty=\dimen187
\tikz@lastxsaved=\dimen188
\tikz@lastysaved=\dimen189
\tikz@lastmovetox=\dimen190
\tikz@lastmovetoy=\dimen191
\tikzleveldistance=\dimen192
\tikzsiblingdistance=\dimen193
\tikz@figbox=\box59
\tikz@figbox@bg=\box60
\tikz@tempbox=\box61
\tikz@tempbox@bg=\box62
\tikztreelevel=\count276
\tikznumberofchildren=\count277
\tikznumberofcurrentchild=\count278
\tikz@fig@count=\count279
 (c:/texlive/2022/texmf-dist/tex/generic/pgf/modules/pgfmodulematrix.code.tex
File: pgfmodulematrix.code.tex 2021/05/15 v3.1.9a (3.1.9a)
\pgfmatrixcurrentrow=\count280
\pgfmatrixcurrentcolumn=\count281
\pgf@matrix@numberofcolumns=\count282
)
\tikz@expandcount=\count283
 (c:/texlive/2022/texmf-dist/tex/generic/pgf/frontendlayer/tikz/libraries/tikzlibrarytopaths.code.tex
File: tikzlibrarytopaths.code.tex 2021/05/15 v3.1.9a (3.1.9a)
))) (c:/texlive/2022/texmf-dist/tex/generic/pgf/frontendlayer/tikz/libraries/tikzlibraryarrows.code.tex
File: tikzlibraryarrows.code.tex 2021/05/15 v3.1.9a (3.1.9a)
 (c:/texlive/2022/texmf-dist/tex/generic/pgf/libraries/pgflibraryarrows.code.tex
File: pgflibraryarrows.code.tex 2021/05/15 v3.1.9a (3.1.9a)
\arrowsize=\dimen194
)) (c:/texlive/2022/texmf-dist/tex/generic/pgf/frontendlayer/tikz/libraries/tikzlibraryautomata.code.tex
File: tikzlibraryautomata.code.tex 2021/05/15 v3.1.9a (3.1.9a)
 (c:/texlive/2022/texmf-dist/tex/generic/pgf/frontendlayer/tikz/libraries/tikzlibraryshapes.multipart.code.tex
File: tikzlibraryshapes.multipart.code.tex 2021/05/15 v3.1.9a (3.1.9a)
 (c:/texlive/2022/texmf-dist/tex/generic/pgf/libraries/shapes/pgflibraryshapes.multipart.code.tex
File: pgflibraryshapes.multipart.code.tex 2021/05/15 v3.1.9a (3.1.9a)
\pgfnodepartlowerbox=\box63
\pgfnodeparttwobox=\box64
\pgfnodepartthreebox=\box65
\pgfnodepartfourbox=\box66
\pgfnodeparttwentybox=\box67
\pgfnodepartnineteenbox=\box68
\pgfnodeparteighteenbox=\box69
\pgfnodepartseventeenbox=\box70
\pgfnodepartsixteenbox=\box71
\pgfnodepartfifteenbox=\box72
\pgfnodepartfourteenbox=\box73
\pgfnodepartthirteenbox=\box74
\pgfnodeparttwelvebox=\box75
\pgfnodepartelevenbox=\box76
\pgfnodeparttenbox=\box77
\pgfnodepartninebox=\box78
\pgfnodeparteightbox=\box79
\pgfnodepartsevenbox=\box80
\pgfnodepartsixbox=\box81
\pgfnodepartfivebox=\box82
))) (c:/texlive/2022/texmf-dist/tex/generic/pgf/frontendlayer/tikz/libraries/tikzlibrarycalc.code.tex
File: tikzlibrarycalc.code.tex 2021/05/15 v3.1.9a (3.1.9a)
) (c:/texlive/2022/texmf-dist/tex/latex/tools/array.sty
Package: array 2021/10/04 v2.5f Tabular extension package (FMi)
\col@sep=\dimen195
\ar@mcellbox=\box83
\extrarowheight=\dimen196
\NC@list=\toks32
\extratabsurround=\skip52
\backup@length=\skip53
\ar@cellbox=\box84
) (c:/texlive/2022/texmf-dist/tex/generic/pgf/frontendlayer/tikz/libraries/tikzlibraryshapes.code.tex
File: tikzlibraryshapes.code.tex 2021/05/15 v3.1.9a (3.1.9a)
 (c:/texlive/2022/texmf-dist/tex/generic/pgf/frontendlayer/tikz/libraries/tikzlibraryshapes.geometric.code.tex
File: tikzlibraryshapes.geometric.code.tex 2021/05/15 v3.1.9a (3.1.9a)
 (c:/texlive/2022/texmf-dist/tex/generic/pgf/libraries/shapes/pgflibraryshapes.geometric.code.tex
File: pgflibraryshapes.geometric.code.tex 2021/05/15 v3.1.9a (3.1.9a)
)) (c:/texlive/2022/texmf-dist/tex/generic/pgf/frontendlayer/tikz/libraries/tikzlibraryshapes.misc.code.tex
File: tikzlibraryshapes.misc.code.tex 2021/05/15 v3.1.9a (3.1.9a)
 (c:/texlive/2022/texmf-dist/tex/generic/pgf/libraries/shapes/pgflibraryshapes.misc.code.tex
File: pgflibraryshapes.misc.code.tex 2021/05/15 v3.1.9a (3.1.9a)
)) (c:/texlive/2022/texmf-dist/tex/generic/pgf/frontendlayer/tikz/libraries/tikzlibraryshapes.symbols.code.tex
File: tikzlibraryshapes.symbols.code.tex 2021/05/15 v3.1.9a (3.1.9a)
 (c:/texlive/2022/texmf-dist/tex/generic/pgf/libraries/shapes/pgflibraryshapes.symbols.code.tex
File: pgflibraryshapes.symbols.code.tex 2021/05/15 v3.1.9a (3.1.9a)
)) (c:/texlive/2022/texmf-dist/tex/generic/pgf/frontendlayer/tikz/libraries/tikzlibraryshapes.arrows.code.tex
File: tikzlibraryshapes.arrows.code.tex 2021/05/15 v3.1.9a (3.1.9a)
 (c:/texlive/2022/texmf-dist/tex/generic/pgf/libraries/shapes/pgflibraryshapes.arrows.code.tex
File: pgflibraryshapes.arrows.code.tex 2021/05/15 v3.1.9a (3.1.9a)
)) (c:/texlive/2022/texmf-dist/tex/generic/pgf/frontendlayer/tikz/libraries/tikzlibraryshapes.callouts.code.tex (c:/texlive/2022/texmf-dist/tex/generic/pgf/libraries/shapes/pgflibraryshapes.callouts.code.tex))) (c:/texlive/2022/texmf-dist/tex/generic/soul/soul.sty
Package: soul 2003/11/17 v2.4 letterspacing/underlining (mf)
\SOUL@word=\toks33
\SOUL@lasttoken=\toks34
\SOUL@cmds=\toks35
\SOUL@buffer=\toks36
\SOUL@token=\toks37
\SOUL@spaceskip=\skip54
\SOUL@ttwidth=\dimen197
\SOUL@uldp=\dimen198
\SOUL@ulht=\dimen199
) (c:/texlive/2022/texmf-dist/tex/latex/listings/listings.sty
\lst@mode=\count284
\lst@gtempboxa=\box85
\lst@token=\toks38
\lst@length=\count285
\lst@currlwidth=\dimen256
\lst@column=\count286
\lst@pos=\count287
\lst@lostspace=\dimen257
\lst@width=\dimen258
\lst@newlines=\count288
\lst@lineno=\count289
\lst@maxwidth=\dimen259
 (c:/texlive/2022/texmf-dist/tex/latex/listings/lstmisc.sty
File: lstmisc.sty 2020/03/24 1.8d (Carsten Heinz)
\c@lstnumber=\count290
\lst@skipnumbers=\count291
\lst@framebox=\box86
) (c:/texlive/2022/texmf-dist/tex/latex/listings/listings.cfg
File: listings.cfg 2020/03/24 1.8d listings configuration
))
Package: listings 2020/03/24 1.8d (Carsten Heinz)
 (c:/texlive/2022/texmf-dist/tex/latex/epstopdf-pkg/epstopdf.sty
Package: epstopdf 2020-01-24 v2.11 Conversion with epstopdf on the fly (HO)
 (c:/texlive/2022/texmf-dist/tex/generic/infwarerr/infwarerr.sty
Package: infwarerr 2019/12/03 v1.5 Providing info/warning/error messages (HO)
) (c:/texlive/2022/texmf-dist/tex/latex/grfext/grfext.sty
Package: grfext 2019/12/03 v1.3 Manage graphics extensions (HO)
 (c:/texlive/2022/texmf-dist/tex/generic/kvdefinekeys/kvdefinekeys.sty
Package: kvdefinekeys 2019-12-19 v1.6 Define keys (HO)
)) (c:/texlive/2022/texmf-dist/tex/latex/kvoptions/kvoptions.sty
Package: kvoptions 2020-10-07 v3.14 Key value format for package options (HO)
 (c:/texlive/2022/texmf-dist/tex/generic/ltxcmds/ltxcmds.sty
Package: ltxcmds 2020-05-10 v1.25 LaTeX kernel commands for general use (HO)
) (c:/texlive/2022/texmf-dist/tex/generic/kvsetkeys/kvsetkeys.sty
Package: kvsetkeys 2019/12/15 v1.18 Key value parser (HO)
)) (c:/texlive/2022/texmf-dist/tex/generic/pdftexcmds/pdftexcmds.sty
Package: pdftexcmds 2020-06-27 v0.33 Utility functions of pdfTeX for LuaTeX (HO)
 (c:/texlive/2022/texmf-dist/tex/generic/iftex/iftex.sty
Package: iftex 2022/02/03 v1.0f TeX engine tests
)
Package pdftexcmds Info: \pdf@primitive is available.
Package pdftexcmds Info: \pdf@ifprimitive is available.
Package pdftexcmds Info: \pdfdraftmode found.
) (c:/texlive/2022/texmf-dist/tex/latex/epstopdf-pkg/epstopdf-base.sty
Package: epstopdf-base 2020-01-24 v2.11 Base part for package epstopdf


Package epstopdf Warning: Shell escape feature is not enabled.

Package epstopdf-base Info: Redefining graphics rule for `.eps' on input line 485.
Package grfext Info: Graphics extension search list:
(grfext)             [.pdf,.png,.jpg,.mps,.jpeg,.jbig2,.jb2,.PDF,.PNG,.JPG,.JPEG,.JBIG2,.JB2,.eps]
(grfext)             \AppendGraphicsExtensions on input line 504.
(c:/texlive/2022/texmf-dist/tex/latex/latexconfig/epstopdf-sys.cfg
File: epstopdf-sys.cfg 2010/07/13 v1.3 Configuration of (r)epstopdf for TeX Live
))) (c:/texlive/2022/texmf-dist/tex/latex/fancybox/fancybox.sty
Package: fancybox 2010/05/15 1.4

Style option: `fancybox' v1.4 <2010/05/15> (tvz)
\@fancybox=\box87
\shadowsize=\dimen260
\@Sbox=\box88
\do@VerbBox=\toks39
\the@fancyput=\toks40
\this@fancyput=\toks41
\EndVerbatimTokens=\toks42
\Verbatim@Outfile=\write4
\Verbatim@Infile=\read3
) (c:/texlive/2022/texmf-dist/tex/latex/psnfss/pifont.sty
Package: pifont 2020/03/25 PSNFSS-v9.3 Pi font support (SPQR) 
LaTeX Font Info:    Trying to load font information for U+pzd on input line 63.
 (c:/texlive/2022/texmf-dist/tex/latex/psnfss/upzd.fd
File: upzd.fd 2001/06/04 font definitions for U/pzd.
)
LaTeX Font Info:    Trying to load font information for U+psy on input line 64.
 (c:/texlive/2022/texmf-dist/tex/latex/psnfss/upsy.fd
File: upsy.fd 2001/06/04 font definitions for U/psy.
)) (c:/texlive/2022/texmf-dist/tex/latex/amsmath/amsmath.sty
Package: amsmath 2021/10/15 v2.17l AMS math features
\@mathmargin=\skip55

For additional information on amsmath, use the `?' option.
(c:/texlive/2022/texmf-dist/tex/latex/amsmath/amstext.sty
Package: amstext 2021/08/26 v2.01 AMS text
 (c:/texlive/2022/texmf-dist/tex/latex/amsmath/amsgen.sty
File: amsgen.sty 1999/11/30 v2.0 generic functions
\@emptytoks=\toks43
\ex@=\dimen261
)) (c:/texlive/2022/texmf-dist/tex/latex/amsmath/amsbsy.sty
Package: amsbsy 1999/11/29 v1.2d Bold Symbols
\pmbraise@=\dimen262
) (c:/texlive/2022/texmf-dist/tex/latex/amsmath/amsopn.sty
Package: amsopn 2021/08/26 v2.02 operator names
)
\inf@bad=\count292
LaTeX Info: Redefining \frac on input line 234.
\uproot@=\count293
\leftroot@=\count294
LaTeX Info: Redefining \overline on input line 399.
\classnum@=\count295
\DOTSCASE@=\count296
LaTeX Info: Redefining \ldots on input line 496.
LaTeX Info: Redefining \dots on input line 499.
LaTeX Info: Redefining \cdots on input line 620.
\Mathstrutbox@=\box89
\strutbox@=\box90
\big@size=\dimen263
LaTeX Font Info:    Redeclaring font encoding OML on input line 743.
LaTeX Font Info:    Redeclaring font encoding OMS on input line 744.
\macc@depth=\count297
\c@MaxMatrixCols=\count298
\dotsspace@=\muskip16
\c@parentequation=\count299
\dspbrk@lvl=\count300
\tag@help=\toks44
\row@=\count301
\column@=\count302
\maxfields@=\count303
\andhelp@=\toks45
\eqnshift@=\dimen264
\alignsep@=\dimen265
\tagshift@=\dimen266
\tagwidth@=\dimen267
\totwidth@=\dimen268
\lineht@=\dimen269
\@envbody=\toks46
\multlinegap=\skip56
\multlinetaggap=\skip57
\mathdisplay@stack=\toks47
LaTeX Info: Redefining \[ on input line 2938.
LaTeX Info: Redefining \] on input line 2939.
) (c:/texlive/2022/texmf-dist/tex/latex/amsfonts/amssymb.sty
Package: amssymb 2013/01/14 v3.01 AMS font symbols
 (c:/texlive/2022/texmf-dist/tex/latex/amsfonts/amsfonts.sty
Package: amsfonts 2013/01/14 v3.01 Basic AMSFonts support
\symAMSa=\mathgroup4
\symAMSb=\mathgroup5
LaTeX Font Info:    Redeclaring math symbol \hbar on input line 98.
LaTeX Font Info:    Overwriting math alphabet `\mathfrak' in version `bold'
(Font)                  U/euf/m/n --> U/euf/b/n on input line 106.
)) (c:/texlive/2022/texmf-dist/tex/latex/amscls/amsthm.sty
Package: amsthm 2020/05/29 v2.20.6
\thm@style=\toks48
\thm@bodyfont=\toks49
\thm@headfont=\toks50
\thm@notefont=\toks51
\thm@headpunct=\toks52
\thm@preskip=\skip58
\thm@postskip=\skip59
\thm@headsep=\skip60
\dth@everypar=\toks53
) (c:/texlive/2022/texmf-dist/tex/latex/amsfonts/eucal.sty
Package: eucal 2009/06/22 v3.00 Euler Script fonts
LaTeX Font Info:    Overwriting math alphabet `\EuScript' in version `bold'
(Font)                  U/eus/m/n --> U/eus/b/n on input line 33.
) (c:/texlive/2022/texmf-dist/tex/latex/algorithms/algorithm.sty
Package: algorithm 2009/08/24 v0.1 Document Style `algorithm' - floating environment
 (c:/texlive/2022/texmf-dist/tex/latex/float/float.sty
Package: float 2001/11/08 v1.3d Float enhancements (AL)
\c@float@type=\count304
\float@exts=\toks54
\float@box=\box91
\@float@everytoks=\toks55
\@floatcapt=\box92
)
\@float@every@algorithm=\toks56
\c@algorithm=\count305
) (c:/texlive/2022/texmf-dist/tex/latex/algorithms/algorithmic.sty
Package: algorithmic 2009/08/24 v0.1 Document Style `algorithmic'
\c@ALC@unique=\count306
\c@ALC@line=\count307
\c@ALC@rem=\count308
\c@ALC@depth=\count309
\ALC@tlm=\skip61
\algorithmicindent=\skip62
) (c:/texlive/2022/texmf-dist/tex/latex/base/latexsym.sty
Package: latexsym 1998/08/17 v2.2e Standard LaTeX package (lasy symbols)
\symlasy=\mathgroup6
LaTeX Font Info:    Overwriting symbol font `lasy' in version `bold'
(Font)                  U/lasy/m/n --> U/lasy/b/n on input line 52.
) (c:/texlive/2022/texmf-dist/tex/latex/tools/multicol.sty
Package: multicol 2021/10/28 v1.9b multicolumn formatting (FMi)
\c@tracingmulticols=\count310
\mult@box=\box93
\multicol@leftmargin=\dimen270
\c@unbalance=\count311
\c@collectmore=\count312
\doublecol@number=\count313
\multicoltolerance=\count314
\multicolpretolerance=\count315
\full@width=\dimen271
\page@free=\dimen272
\premulticols=\dimen273
\postmulticols=\dimen274
\multicolsep=\skip63
\multicolbaselineskip=\skip64
\partial@page=\box94
\last@line=\box95
\maxbalancingoverflow=\dimen275
\mult@rightbox=\box96
\mult@grightbox=\box97
\mult@firstbox=\box98
\mult@gfirstbox=\box99
\@tempa=\box100
\@tempa=\box101
\@tempa=\box102
\@tempa=\box103
\@tempa=\box104
\@tempa=\box105
\@tempa=\box106
\@tempa=\box107
\@tempa=\box108
\@tempa=\box109
\@tempa=\box110
\@tempa=\box111
\@tempa=\box112
\@tempa=\box113
\@tempa=\box114
\@tempa=\box115
\@tempa=\box116
\@tempa=\box117
\@tempa=\box118
\@tempa=\box119
\@tempa=\box120
\@tempa=\box121
\@tempa=\box122
\@tempa=\box123
\@tempa=\box124
\@tempa=\box125
\@tempa=\box126
\@tempa=\box127
\@tempa=\box128
\@tempa=\box129
\@tempa=\box130
\@tempa=\box131
\@tempa=\box132
\@tempa=\box133
\@tempa=\box134
\@tempa=\box135
\c@minrows=\count316
\c@columnbadness=\count317
\c@finalcolumnbadness=\count318
\last@try=\dimen276
\multicolovershoot=\dimen277
\multicolundershoot=\dimen278
\mult@nat@firstbox=\box136
\colbreak@box=\box137
\mc@col@check@num=\count319
) (c:/texlive/2022/texmf-dist/tex/latex/multirow/multirow.sty
Package: multirow 2021/03/15 v2.8 Span multiple rows of a table
\multirow@colwidth=\skip65
\multirow@cntb=\count320
\multirow@dima=\skip66
\bigstrutjot=\dimen279
) (c:/texlive/2022/texmf-dist/tex/latex/changepage/chngpage.sty
Package: chngpage 2009/10/20 v1.2b change page layout
\c@cp@cnt=\count321
\c@cp@tempcnt=\count322
) (c:/texlive/2022/texmf-dist/tex/latex/base/inputenc.sty
Package: inputenc 2021/02/14 v1.3d Input encoding file
\inpenc@prehook=\toks57
\inpenc@posthook=\toks58
 (c:/texlive/2022/texmf-dist/tex/latex/base/latin1.def
File: latin1.def 2021/02/14 v1.3d Input encoding file
)) (c:/texlive/2022/texmf-dist/tex/latex/natbib/natbib.sty
Package: natbib 2010/09/13 8.31b (PWD, AO)
\bibhang=\skip67
\bibsep=\skip68
LaTeX Info: Redefining \cite on input line 694.
\c@NAT@ctr=\count323
) (c:/texlive/2022/texmf-dist/tex/latex/import/import.sty
Package: import 2020/04/01  v 6.2
) (c:/texlive/2022/texmf-dist/tex/latex/pdfpages/pdfpages.sty
Package: pdfpages 2022/01/29 v0.5u Insert pages of external PDF documents (AM)
 (c:/texlive/2022/texmf-dist/tex/latex/tools/calc.sty
Package: calc 2017/05/25 v4.3 Infix arithmetic (KKT,FJ)
\calc@Acount=\count324
\calc@Bcount=\count325
\calc@Adimen=\dimen280
\calc@Bdimen=\dimen281
\calc@Askip=\skip69
\calc@Bskip=\skip70
LaTeX Info: Redefining \setlength on input line 80.
LaTeX Info: Redefining \addtolength on input line 81.
\calc@Ccount=\count326
\calc@Cskip=\skip71
)
\AM@pagewidth=\dimen282
\AM@pageheight=\dimen283
\AM@fboxrule=\dimen284
 (c:/texlive/2022/texmf-dist/tex/latex/pdfpages/pppdftex.def
File: pppdftex.def 2022/01/29 v0.5u Pdfpages driver for pdfTeX (AM)
)
\pdfpages@includegraphics@status=\count327
\AM@pagebox=\box138
\AM@global@opts=\toks59
\AM@pagecnt=\count328
\AM@toc@title=\toks60
\c@AM@survey=\count329
\AM@templatesizebox=\box139
) (c:/texlive/2022/texmf-dist/tex/latex/epigraph/epigraph.sty
Package: epigraph 2020/01/02 v1.5e typesetting epigraphs
 (c:/texlive/2022/texmf-dist/tex/latex/nextpage/nextpage.sty
Package: nextpage 2009/09/03 v1.1a additional page commands
)
\beforeepigraphskip=\skip72
\afterepigraphskip=\skip73
\epigraphwidth=\skip74
\epigraphrule=\skip75
) (c:/texlive/2022/texmf-dist/tex/latex/tabto-ltx/tabto.sty
Package: tabto 2018/12/28  v 1.4  Another tabbing mechanism
\CurrentLineWidth=\dimen285
\TabPrevPos=\dimen286
) (c:/texlive/2022/texmf-dist/tex/latex/tools/hhline.sty
Package: hhline 2020/01/04 v2.04 Table rule package (DPC)
) (c:/texlive/2022/texmf-dist/tex/latex/morefloats/morefloats.sty
Package: morefloats 2015/07/22 v1.0h Raise limit of unprocessed floats (HMM)
Package morefloats Info: Maximum number of possible floats asked for: 36
(morefloats)             (i.e. 18 more floats).
(morefloats)             LaTeX might run out of memory before this
(morefloats)             (in which case it will notify you).
) (c:/texlive/2022/texmf-dist/tex/latex/fancyhdr/fancyhdr.sty
Package: fancyhdr 2021/01/28 v4.0.1 Extensive control of page headers and footers
\f@nch@headwidth=\skip76
\f@nch@O@elh=\skip77
\f@nch@O@erh=\skip78
\f@nch@O@olh=\skip79
\f@nch@O@orh=\skip80
\f@nch@O@elf=\skip81
\f@nch@O@erf=\skip82
\f@nch@O@olf=\skip83
\f@nch@O@orf=\skip84
) (c:/texlive/2022/texmf-dist/tex/latex/comment/comment.sty
\CommentStream=\write5
 Excluding comment 'comment') (c:/texlive/2022/texmf-dist/tex/latex/caption/subcaption.sty
Package: subcaption 2022/01/07 v1.5 Sub-captions (AR)
 (c:/texlive/2022/texmf-dist/tex/latex/caption/caption.sty
Package: caption 2022/03/01 v3.6b Customizing captions (AR)
 (c:/texlive/2022/texmf-dist/tex/latex/caption/caption3.sty
Package: caption3 2022/03/17 v2.3b caption3 kernel (AR)
\caption@tempdima=\dimen287
\captionmargin=\dimen288
\caption@leftmargin=\dimen289
\caption@rightmargin=\dimen290
\caption@width=\dimen291
\caption@indent=\dimen292
\caption@parindent=\dimen293
\caption@hangindent=\dimen294
Package caption Info: Standard document class detected.
)
\c@caption@flags=\count330
\c@continuedfloat=\count331
Package caption Info: float package is loaded.
Package caption Info: listings package is loaded.
Package caption Info: rotating package is loaded.
)
\c@subfigure=\count332
\c@subtable=\count333
) (c:/texlive/2022/texmf-dist/tex/latex/todonotes/todonotes.sty
Package: todonotes 2021/06/04 v1.1.5 Todonotes source and documentation.
Package: todonotes 2021/06/04
 (c:/texlive/2022/texmf-dist/tex/latex/xkeyval/xkeyval.sty
Package: xkeyval 2020/11/20 v2.8 package option processing (HA)
 (c:/texlive/2022/texmf-dist/tex/generic/xkeyval/xkeyval.tex (c:/texlive/2022/texmf-dist/tex/generic/xkeyval/xkvutils.tex
\XKV@toks=\toks61
\XKV@tempa@toks=\toks62
)
\XKV@depth=\count334
File: xkeyval.tex 2014/12/03 v2.7a key=value parser (HA)
)) (c:/texlive/2022/texmf-dist/tex/generic/pgf/frontendlayer/tikz/libraries/tikzlibrarypositioning.code.tex
File: tikzlibrarypositioning.code.tex 2021/05/15 v3.1.9a (3.1.9a)
)
\c@@todonotes@numberoftodonotes=\count335
) (c:/texlive/2022/texmf-dist/tex/latex/makecell/makecell.sty
Package: makecell 2009/08/03 V0.1e Managing of Tab Column Heads and Cells
\rotheadsize=\dimen295
\c@nlinenum=\count336
\TeXr@lab=\toks63
) (c:/texlive/2022/texmf-dist/tex/latex/hyperref/hyperref.sty
Package: hyperref 2022-02-21 v7.00n Hypertext links for LaTeX
 (c:/texlive/2022/texmf-dist/tex/generic/pdfescape/pdfescape.sty
Package: pdfescape 2019/12/09 v1.15 Implements pdfTeX's escape features (HO)
) (c:/texlive/2022/texmf-dist/tex/latex/hycolor/hycolor.sty
Package: hycolor 2020-01-27 v1.10 Color options for hyperref/bookmark (HO)
) (c:/texlive/2022/texmf-dist/tex/latex/letltxmacro/letltxmacro.sty
Package: letltxmacro 2019/12/03 v1.6 Let assignment for LaTeX macros (HO)
) (c:/texlive/2022/texmf-dist/tex/latex/auxhook/auxhook.sty
Package: auxhook 2019-12-17 v1.6 Hooks for auxiliary files (HO)
)
\@linkdim=\dimen296
\Hy@linkcounter=\count337
\Hy@pagecounter=\count338
 (c:/texlive/2022/texmf-dist/tex/latex/hyperref/pd1enc.def
File: pd1enc.def 2022-02-21 v7.00n Hyperref: PDFDocEncoding definition (HO)
Now handling font encoding PD1 ...
... no UTF-8 mapping file for font encoding PD1
) (c:/texlive/2022/texmf-dist/tex/generic/intcalc/intcalc.sty
Package: intcalc 2019/12/15 v1.3 Expandable calculations with integers (HO)
) (c:/texlive/2022/texmf-dist/tex/generic/etexcmds/etexcmds.sty
Package: etexcmds 2019/12/15 v1.7 Avoid name clashes with e-TeX commands (HO)
)
\Hy@SavedSpaceFactor=\count339
 (c:/texlive/2022/texmf-dist/tex/latex/hyperref/puenc.def
File: puenc.def 2022-02-21 v7.00n Hyperref: PDF Unicode definition (HO)
Now handling font encoding PU ...
... no UTF-8 mapping file for font encoding PU
)
Package hyperref Info: Hyper figures OFF on input line 4137.
Package hyperref Info: Link nesting OFF on input line 4142.
Package hyperref Info: Hyper index ON on input line 4145.
Package hyperref Info: Plain pages OFF on input line 4152.
Package hyperref Info: Backreferencing OFF on input line 4157.
Package hyperref Info: Implicit mode ON; LaTeX internals redefined.
Package hyperref Info: Bookmarks ON on input line 4390.
\c@Hy@tempcnt=\count340
 (c:/texlive/2022/texmf-dist/tex/latex/url/url.sty
\Urlmuskip=\muskip17
Package: url 2013/09/16  ver 3.4  Verb mode for urls, etc.
)
LaTeX Info: Redefining \url on input line 4749.
\XeTeXLinkMargin=\dimen297
 (c:/texlive/2022/texmf-dist/tex/generic/bitset/bitset.sty
Package: bitset 2019/12/09 v1.3 Handle bit-vector datatype (HO)
 (c:/texlive/2022/texmf-dist/tex/generic/bigintcalc/bigintcalc.sty
Package: bigintcalc 2019/12/15 v1.5 Expandable calculations on big integers (HO)
))
\Fld@menulength=\count341
\Field@Width=\dimen298
\Fld@charsize=\dimen299
Package hyperref Info: Hyper figures OFF on input line 6027.
Package hyperref Info: Link nesting OFF on input line 6032.
Package hyperref Info: Hyper index ON on input line 6035.
Package hyperref Info: backreferencing OFF on input line 6042.
Package hyperref Info: Link coloring OFF on input line 6047.
Package hyperref Info: Link coloring with OCG OFF on input line 6052.
Package hyperref Info: PDF/A mode OFF on input line 6057.
LaTeX Info: Redefining \ref on input line 6097.
LaTeX Info: Redefining \pageref on input line 6101.
 (c:/texlive/2022/texmf-dist/tex/latex/base/atbegshi-ltx.sty
Package: atbegshi-ltx 2021/01/10 v1.0c Emulation of the original atbegshi
package with kernel methods
)
\Hy@abspage=\count342
\c@Item=\count343
\c@Hfootnote=\count344
)
Package hyperref Info: Driver (autodetected): hpdftex.
 (c:/texlive/2022/texmf-dist/tex/latex/hyperref/hpdftex.def
File: hpdftex.def 2022-02-21 v7.00n Hyperref driver for pdfTeX
 (c:/texlive/2022/texmf-dist/tex/latex/base/atveryend-ltx.sty
Package: atveryend-ltx 2020/08/19 v1.0a Emulation of the original atveryend package
with kernel methods
)
\Fld@listcount=\count345
\c@bookmark@seq@number=\count346
 (c:/texlive/2022/texmf-dist/tex/latex/rerunfilecheck/rerunfilecheck.sty
Package: rerunfilecheck 2019/12/05 v1.9 Rerun checks for auxiliary files (HO)
 (c:/texlive/2022/texmf-dist/tex/generic/uniquecounter/uniquecounter.sty
Package: uniquecounter 2019/12/15 v1.4 Provide unlimited unique counter (HO)
)
Package uniquecounter Info: New unique counter `rerunfilecheck' on input line 286.
)
\Hy@SectionHShift=\skip85
) (c:/texlive/2022/texmf-dist/tex/latex/l3backend/l3backend-pdftex.def
File: l3backend-pdftex.def 2022-02-07 L3 backend support: PDF output (pdfTeX)
\l__color_backend_stack_int=\count347
\l__pdf_internal_box=\box140
)
No file thesis.aux.
\openout1 = `thesis.aux'.

LaTeX Font Info:    Checking defaults for OML/cmm/m/it on input line 88.
LaTeX Font Info:    ... okay on input line 88.
LaTeX Font Info:    Checking defaults for OMS/cmsy/m/n on input line 88.
LaTeX Font Info:    ... okay on input line 88.
LaTeX Font Info:    Checking defaults for OT1/cmr/m/n on input line 88.
LaTeX Font Info:    ... okay on input line 88.
LaTeX Font Info:    Checking defaults for T1/cmr/m/n on input line 88.
LaTeX Font Info:    ... okay on input line 88.
LaTeX Font Info:    Checking defaults for TS1/cmr/m/n on input line 88.
LaTeX Font Info:    ... okay on input line 88.
LaTeX Font Info:    Checking defaults for OMX/cmex/m/n on input line 88.
LaTeX Font Info:    ... okay on input line 88.
LaTeX Font Info:    Checking defaults for U/cmr/m/n on input line 88.
LaTeX Font Info:    ... okay on input line 88.
LaTeX Font Info:    Checking defaults for PD1/pdf/m/n on input line 88.
LaTeX Font Info:    ... okay on input line 88.
LaTeX Font Info:    Checking defaults for PU/pdf/m/n on input line 88.
LaTeX Font Info:    ... okay on input line 88.
(c:/texlive/2022/texmf-dist/tex/context/base/mkii/supp-pdf.mkii
[Loading MPS to PDF converter (version 2006.09.02).]
\scratchcounter=\count348
\scratchdimen=\dimen300
\scratchbox=\box141
\nofMPsegments=\count349
\nofMParguments=\count350
\everyMPshowfont=\toks64
\MPscratchCnt=\count351
\MPscratchDim=\dimen301
\MPnumerator=\count352
\makeMPintoPDFobject=\count353
\everyMPtoPDFconversion=\toks65
)
\c@lstlisting=\count354
 (c:/texlive/2022/texmf-dist/tex/latex/pdflscape/pdflscape.sty
Package: pdflscape 2019/12/05 v0.12 Display of landscape pages in PDF (HO)
 (c:/texlive/2022/texmf-dist/tex/latex/graphics/lscape.sty
Package: lscape 2020/05/28 v3.02 Landscape Pages (DPC)
)
Package pdflscape Info: Auto-detected driver: pdftex on input line 81.
)
Package caption Info: Begin \AtBeginDocument code.
Package caption Info: hyperref package is loaded.
Package caption Info: End \AtBeginDocument code.


Package todonotes Warning: The length marginparwidth is less than 2cm and will most likely cause issues with the appearance of inserted todonotes. The issue can be solved by adding a line like \setlength {\marginparwidth }{2cm} prior to loading the todonotes package. on input line 88.

Package hyperref Info: Link coloring OFF on input line 88.
(c:/texlive/2022/texmf-dist/tex/latex/hyperref/nameref.sty
Package: nameref 2021-04-02 v2.47 Cross-referencing by name of section
 (c:/texlive/2022/texmf-dist/tex/latex/refcount/refcount.sty
Package: refcount 2019/12/15 v3.6 Data extraction from label references (HO)
) (c:/texlive/2022/texmf-dist/tex/generic/gettitlestring/gettitlestring.sty
Package: gettitlestring 2019/12/15 v1.6 Cleanup title references (HO)
)
\c@section@level=\count355
)
LaTeX Info: Redefining \ref on input line 88.
LaTeX Info: Redefining \pageref on input line 88.
LaTeX Info: Redefining \nameref on input line 88.
\@outlinefile=\write6
\openout6 = `thesis.out'.

\openout2 = `chapters/abstract.aux'.

 (./chapters/abstract.tex

Package natbib Warning: Citation `bini2023multi' on page i undefined on input line 7.


Underfull \vbox (badness 1803) has occurred while \output is active []

 [1



{c:/texlive/2022/texmf-var/fonts/map/pdftex/updmap/pdftex.map}]

Package natbib Warning: Citation `sutton2018reinforcement' on page ii undefined on input line 20.


Package natbib Warning: Citation `osa2018algorithmic' on page ii undefined on input line 20.


Package natbib Warning: Citation `zhang2018deep_vr_teleoperation' on page ii undefined on input line 23.


Package natbib Warning: Citation `mandlekar2022matters' on page ii undefined on input line 23.


Package natbib Warning: Citation `dasari2021transformers_one_shot' on page ii undefined on input line 23.


Package natbib Warning: Citation `brohan2022rt' on page ii undefined on input line 23.


Package natbib Warning: Citation `mandi2022towards_more_generalizable_one_shot' on page ii undefined on input line 23.

[2]

Package natbib Warning: Citation `stepputtis2020language' on page iii undefined on input line 27.


Package natbib Warning: Citation `mees2022calvin' on page iii undefined on input line 27.


Package natbib Warning: Citation `brohan2022rt' on page iii undefined on input line 27.


Package natbib Warning: Citation `dasari2021transformers_one_shot' on page iii undefined on input line 27.


Package natbib Warning: Citation `mandi2022towards_more_generalizable_one_shot' on page iii undefined on input line 27.

[3] [4] [5]) [6]
\tf@toc=\write7
\openout7 = `thesis.toc'.

 [7



] [8

]
\c@thm=\count356
\c@defn=\count357
\c@rem=\count358
 (./chapters/ch1/intro.tex [1] [2

]
Chapter 1.
(./chapters/ch1/motivation_thesis_overview.tex

LaTeX Warning: Reference `fig:industrial_robots_example' on page 3 undefined on input line 7.

[3] (./figures/ch1/industrial_robots_example.tex
<figures/images/welding.jpg, id=65, 963.6pt x 642.14906pt>
File: figures/images/welding.jpg Graphic file (type jpg)
<use figures/images/welding.jpg>
Package pdftex.def Info: figures/images/welding.jpg  used on input line 11.
(pdftex.def)             Requested size: 160.19891pt x 106.75348pt.
<figures/images/loading.jpg, id=66, 577.40718pt x 324.46219pt>
File: figures/images/loading.jpg Graphic file (type jpg)
<use figures/images/loading.jpg>
Package pdftex.def Info: figures/images/loading.jpg  used on input line 17.
(pdftex.def)             Requested size: 178.0pt x 100.02278pt.
)

Package natbib Warning: Citation `jang2022bc_z' on page 4 undefined on input line 15.


Package natbib Warning: Citation `dasari2021transformers_one_shot' on page 4 undefined on input line 15.


Package natbib Warning: Citation `mandi2022towards_more_generalizable_one_shot' on page 4 undefined on input line 15.


Package natbib Warning: Citation `brohan2022rt' on page 4 undefined on input line 15.

LaTeX Font Info:    Trying to load font information for U+msa on input line 15.
(c:/texlive/2022/texmf-dist/tex/latex/amsfonts/umsa.fd
File: umsa.fd 2013/01/14 v3.01 AMS symbols A
)
LaTeX Font Info:    Trying to load font information for U+msb on input line 15.
 (c:/texlive/2022/texmf-dist/tex/latex/amsfonts/umsb.fd
File: umsb.fd 2013/01/14 v3.01 AMS symbols B
)
LaTeX Font Info:    Trying to load font information for U+lasy on input line 15.
 (c:/texlive/2022/texmf-dist/tex/latex/base/ulasy.fd
File: ulasy.fd 1998/08/17 v2.2e LaTeX symbol font definitions
) [4 <./figures/images/welding.jpg> <./figures/images/loading.jpg>]

Package natbib Warning: Citation `jang2022bc_z' on page 5 undefined on input line 17.


Package natbib Warning: Citation `yu2018daml' on page 5 undefined on input line 17.

[5]
Overfull \hbox (1.12685pt too wide) in paragraph at lines 23--24
[]\OT1/cmr/m/n/12 However, in sce-nar-ios in-volv-ing mul-ti-ple tasks or vari-a-tions of tasks,
 []


Overfull \hbox (15.12207pt too wide) in paragraph at lines 23--24
\OT1/cmr/m/n/12 ma-nip-u-la-tion con-tains both ma-nip-u-la-tion and cog-ni-tive prob-lems. Specif-
 []

[6]

LaTeX Warning: Reference `sec:sota' on page 7 undefined on input line 37.

Package hyperref Info: bookmark level for unknown todo defaults to 0 on input line 38.
) (./chapters/ch1/sota.tex

LaTeX Warning: Reference `sec:problem_formulation' on page 7 undefined on input line 3.


LaTeX Warning: Reference `sec:lfd' on page 7 undefined on input line 3.

(./chapters/ch1/sota/problem_formulation.tex
Underfull \vbox (badness 6268) has occurred while \output is active []

 [7]

Package natbib Warning: Citation `osa2018algorithmic' on page 8 undefined on input line 5.


Package natbib Warning: Citation `osa2018algorithmic' on page 8 undefined on input line 7.


Package natbib Warning: Citation `zare2024survey' on page 8 undefined on input line 7.

LaTeX Font Info:    Trying to load font information for U+eus on input line 9.
(c:/texlive/2022/texmf-dist/tex/latex/amsfonts/ueus.fd
File: ueus.fd 2013/01/14 v3.01 Euler Script
)
LaTeX Font Info:    Font shape `U/lasy/b/n' in size <8> not available
(Font)              Font shape `U/lasy/m/n' tried instead on input line 9.
LaTeX Font Info:    Font shape `U/lasy/b/n' in size <6> not available
(Font)              Font shape `U/lasy/m/n' tried instead on input line 9.

Overfull \hbox (6.63416pt too wide) in paragraph at lines 14--15
[]\OT1/cmr/m/n/12 A \OT1/cmr/m/it/12 state-only se-quence\OT1/cmr/m/n/12 , i.e., $[][] = [\OML/cmm/m/it/12 s[]; [] ; s[]\OT1/cmr/m/n/12 ]$, when the ground
 []


Package natbib Warning: Citation `james2018task_embedded' on page 8 undefined on input line 19.


Package natbib Warning: Citation `jang2022bc_z' on page 8 undefined on input line 19.


Package natbib Warning: Citation `mees2022calvin' on page 8 undefined on input line 19.


Package natbib Warning: Citation `shridhar2023perceiver' on page 8 undefined on input line 19.


Package natbib Warning: Citation `zhang2018deep_vr_teleoperation' on page 8 undefined on input line 19.

[8]

Package natbib Warning: Citation `jang2022bc_z' on page 9 undefined on input line 21.


Package natbib Warning: Citation `mandi2022towards_more_generalizable_one_shot' on page 9 undefined on input line 21.


Package natbib Warning: Citation `osa2018algorithmic' on page 9 undefined on input line 23.


Package natbib Warning: Citation `fang2019survey' on page 9 undefined on input line 23.


Package natbib Warning: Citation `zhang2018deep_vr_teleoperation' on page 9 undefined on input line 27.


Package natbib Warning: Citation `mandi2022towards_more_generalizable_one_shot' on page 9 undefined on input line 27.


Package natbib Warning: Citation `jang2022bc_z' on page 9 undefined on input line 27.

[9]

Package natbib Warning: Citation `kroemer2021review_robot_learning' on page 10 undefined on input line 31.

[10]

LaTeX Warning: Reference `sec:gail' on page 11 undefined on input line 44.


LaTeX Warning: Reference `sec:lfo' on page 11 undefined on input line 44.


Overfull \hbox (1.4139pt too wide) in paragraph at lines 44--45
[]\OT1/cmr/m/n/12 In \OT1/cmr/m/it/12 Gen-er-a-tive Ad-ver-sar-ial Im-i-ta-tion Learn-ing \OT1/cmr/m/n/12 (GAIL) and \OT1/cmr/m/it/12 Learn-
 []


LaTeX Warning: Reference `sec:problem_formulation' on page 11 undefined on input line 51.


Package natbib Warning: Citation `fang2019survey' on page 11 undefined on input line 51.

(./figures/ch1/direct_demonstration.tex
<figures/images/direct_demonstration/kinesthetic.jpg, id=114, 731.73375pt x 548.80031pt>
File: figures/images/direct_demonstration/kinesthetic.jpg Graphic file (type jpg)
<use figures/images/direct_demonstration/kinesthetic.jpg>
Package pdftex.def Info: figures/images/direct_demonstration/kinesthetic.jpg  used on input line 4.
(pdftex.def)             Requested size: 160.19891pt x 120.15025pt.


Package natbib Warning: Citation `johns2021coarse_to_fine' on page 11 undefined on input line 5.


Package natbib Warning: Citation `johns2021coarse_to_fine' on page 11 undefined on input line 5.

<figures/images/direct_demonstration/teleoperation.jpg, id=115, 734.745pt x 472.01344pt>
File: figures/images/direct_demonstration/teleoperation.jpg Graphic file (type jpg)
<use figures/images/direct_demonstration/teleoperation.jpg>
Package pdftex.def Info: figures/images/direct_demonstration/teleoperation.jpg  used on input line 10.
(pdftex.def)             Requested size: 178.0pt x 114.35149pt.

Package natbib Warning: Citation `zhang2018deep_vr_teleoperation' on page 11 undefined on input line 11.


Package natbib Warning: Citation `zhang2018deep_vr_teleoperation' on page 11 undefined on input line 11.

)

Package natbib Warning: Citation `caccavale2019kinesthetic' on page 11 undefined on input line 54.


Package natbib Warning: Citation `johns2021coarse_to_fine' on page 11 undefined on input line 54.


Package natbib Warning: Citation `zhang2018deep_vr_teleoperation' on page 11 undefined on input line 54.


Package natbib Warning: Citation `mandlekar2018roboturk' on page 11 undefined on input line 54.


Package natbib Warning: Citation `jang2022bc_z' on page 11 undefined on input line 54.


Package natbib Warning: Citation `brohan2022rt' on page 11 undefined on input line 54.


Package natbib Warning: Citation `ebert22Bridge' on page 11 undefined on input line 54.


Package natbib Warning: Citation `mandlekar2023mimicgen' on page 11 undefined on input line 54.


Package natbib Warning: Citation `dasari2020robonet' on page 11 undefined on input line 54.


Package natbib Warning: Citation `dasari2021transformers_one_shot' on page 11 undefined on input line 54.


Package natbib Warning: Citation `mandi2022towards_more_generalizable_one_shot' on page 11 undefined on input line 54.


Package natbib Warning: Citation `chang2023one' on page 11 undefined on input line 54.


LaTeX Warning: Reference `fig:kinesthetic' on page 11 undefined on input line 56.


Package natbib Warning: Citation `lee2011incremental' on page 11 undefined on input line 56.


Package natbib Warning: Citation `saveriano2015incremental' on page 11 undefined on input line 56.

[11]

LaTeX Warning: Reference `fig:teleoperation' on page 12 undefined on input line 58.


Package natbib Warning: Citation `mandlekar2018roboturk' on page 12 undefined on input line 58.


Package natbib Warning: Citation `mandlekar2019scaling' on page 12 undefined on input line 58.


Package natbib Warning: Citation `mandlekar2019scaling' on page 12 undefined on input line 58.


Package natbib Warning: Citation `mandlekar2022matters' on page 12 undefined on input line 58.


Package natbib Warning: Citation `zhang2018deep_vr_teleoperation' on page 12 undefined on input line 58.


Package natbib Warning: Citation `jang2022bc_z' on page 12 undefined on input line 58.


Package natbib Warning: Citation `brohan2022rt' on page 12 undefined on input line 58.


Package natbib Warning: Citation `cyberglove' on page 12 undefined on input line 58.


Package natbib Warning: Citation `touch' on page 12 undefined on input line 58.

[12 <./figures/images/direct_demonstration/kinesthetic.jpg> <./figures/images/direct_demonstration/teleoperation.jpg>]

Package natbib Warning: Citation `dasari2021transformers_one_shot' on page 13 undefined on input line 60.


Package natbib Warning: Citation `mandi2022towards_more_generalizable_one_shot' on page 13 undefined on input line 60.


Package natbib Warning: Citation `chang2023one' on page 13 undefined on input line 60.


Package natbib Warning: Citation `zhu2020robosuite' on page 13 undefined on input line 60.


Package natbib Warning: Citation `dasari2020robonet' on page 13 undefined on input line 60.

(./figures/ch1/indirect_demonstration.tex
<figures/images/wearable_indirect_teaching.png, id=129, 385.9218pt x 180.675pt>
File: figures/images/wearable_indirect_teaching.png Graphic file (type png)
<use figures/images/wearable_indirect_teaching.png>
Package pdftex.def Info: figures/images/wearable_indirect_teaching.png  used on input line 4.
(pdftex.def)             Requested size: 224.28174pt x 105.00385pt.


Package natbib Warning: Citation `liu2019_mirroring_without_overimitation' on page 13 undefined on input line 5.


Package natbib Warning: Citation `liu2019_mirroring_without_overimitation' on page 13 undefined on input line 5.

<figures/images/visual_indirect_teaching.png, id=131, 458.1918pt x 254.3904pt>
File: figures/images/visual_indirect_teaching.png Graphic file (type png)
<use figures/images/visual_indirect_teaching.png>
Package pdftex.def Info: figures/images/visual_indirect_teaching.png  used on input line 11.
(pdftex.def)             Requested size: 224.28174pt x 124.5204pt.

Package natbib Warning: Citation `smith2019avid' on page 13 undefined on input line 12.


Package natbib Warning: Citation `smith2019avid' on page 13 undefined on input line 12.

)

LaTeX Warning: Reference `fig:indirect_demonstrations' on page 13 undefined on input line 64.

[13]

Package natbib Warning: Citation `nakaoka2007learning' on page 14 undefined on input line 68.


Package natbib Warning: Citation `liu2019_mirroring_without_overimitation' on page 14 undefined on input line 68.


Package natbib Warning: Citation `nakaoka2007learning' on page 14 undefined on input line 68.


Package natbib Warning: Citation `liu2019_mirroring_without_overimitation' on page 14 undefined on input line 68.


Package natbib Warning: Citation `liu2017glove_force' on page 14 undefined on input line 68.


LaTeX Warning: Reference `fig:wearable_indirect' on page 14 undefined on input line 68.


Underfull \vbox (badness 1052) has occurred while \output is active []

 [14 <./figures/images/wearable_indirect_teaching.png> <./figures/images/visual_indirect_teaching.png>]

Package natbib Warning: Citation `smith2019avid' on page 15 undefined on input line 70.


Package natbib Warning: Citation `torabi2019recent_advances_lfo' on page 15 undefined on input line 70.


Package natbib Warning: Citation `xiong2021learning_by_watching' on page 15 undefined on input line 70.


Package natbib Warning: Citation `wang2023mimicplay' on page 15 undefined on input line 70.


Package natbib Warning: Citation `qian2024contrast' on page 15 undefined on input line 70.


LaTeX Warning: Reference `fig:visual_indirect' on page 15 undefined on input line 70.


Package natbib Warning: Citation `liu2019_mirroring_without_overimitation' on page 15 undefined on input line 72.


LaTeX Warning: Reference `sec:lfo' on page 15 undefined on input line 72.

) (./chapters/ch1/sota/learning_from_demonstration.tex

LaTeX Warning: Reference `sec:problem_formulation' on page 15 undefined on input line 3.


Package natbib Warning: Citation `kaelbling1996reinforcement_survey' on page 15 undefined on input line 3.


Package natbib Warning: Citation `argall2009robot_learning_from_demonstration' on page 15 undefined on input line 3.


Package natbib Warning: Citation `hussein2017imitation_learning_survey' on page 15 undefined on input line 3.


Package natbib Warning: Citation `fang2019survey' on page 15 undefined on input line 3.


Package natbib Warning: Citation `zheng2021imitation_progress_taxonomies_opportunities' on page 15 undefined on input line 3.


Package natbib Warning: Citation `zare2024survey' on page 15 undefined on input line 3.


LaTeX Warning: Reference `fig:il_taxonomy' on page 15 undefined on input line 3.


Overfull \hbox (6.0268pt too wide) in paragraph at lines 3--4
\OT1/cmr/m/n/12 This sec-tion is ded-i-cated to pre-sent-ing and an-a-lyz-ing var-i-ous ap-proaches
 []


LaTeX Warning: Reference `sec:bc' on page 15 undefined on input line 5.


LaTeX Warning: Reference `sec:irl' on page 15 undefined on input line 6.


LaTeX Warning: Reference `sec:gail' on page 15 undefined on input line 7.


LaTeX Warning: Reference `sec:lfo' on page 15 undefined on input line 8.

(./figures/ch1/taxonomy.tex
<figures/images/il_taxonomy.png, id=144, 593.3367pt x 340.3917pt>
File: figures/images/il_taxonomy.png Graphic file (type png)
<use figures/images/il_taxonomy.png>
Package pdftex.def Info: figures/images/il_taxonomy.png  used on input line 3.
(pdftex.def)             Requested size: 356.0pt x 204.23659pt.
)

LaTeX Warning: Reference `sec:bc' on page 15 undefined on input line 11.


Overfull \hbox (1.62547pt too wide) in paragraph at lines 5--11
\OT1/cmr/m/n/12 strated be-hav-iors, clas-si-fied as Gen-er-a-tive Ad-ver-sar-ial Im-i-ta-tion Learn-
 []

[15] (./chapters/ch1/sota/bc.tex (./algorithm/algorithm_bc.tex
Package hyperref Info: bookmark level for unknown algorithm defaults to 0 on input line 2.
)

Package natbib Warning: Citation `pomerleau1988alvinn' on page 16 undefined on input line 4.


LaTeX Warning: Reference `alg:bc' on page 16 undefined on input line 4.


Package natbib Warning: Citation `pomerleau1988alvinn' on page 16 undefined on input line 4.


Package natbib Warning: Citation `ijspeert2002learning' on page 16 undefined on input line 4.


LaTeX Warning: Reference `eq:bc_formula' on page 16 undefined on input line 4.

(./formula/bc_optimization.tex [16])

LaTeX Warning: Reference `eq:bc_formula' on page 17 undefined on input line 7.

[17 <./figures/images/il_taxonomy.png>]

Package natbib Warning: Citation `ijspeert2002learning' on page 18 undefined on input line 13.


Package natbib Warning: Citation `ijspeert2002learning' on page 18 undefined on input line 13.


Package natbib Warning: Citation `ijspeert2013dynamical' on page 18 undefined on input line 13.


LaTeX Warning: Reference `eq:dmp' on page 18 undefined on input line 13.

(./formula/dmp.tex)

LaTeX Warning: Reference `eq:dmp_loss' on page 18 undefined on input line 16.

(./formula/dmp_loss.tex [18])

Package natbib Warning: Citation `ijspeert2002learning' on page 19 undefined on input line 20.


Overfull \hbox (4.52242pt too wide) in paragraph at lines 22--23
[]\OT1/cmr/bx/n/12 Handling stochas-tic-ity in demon-stra-tions\OT1/cmr/m/n/12 : Dif-fer-ent demon-
 []


Package natbib Warning: Citation `si2023composite' on page 19 undefined on input line 24.


Package natbib Warning: Citation `li2023human' on page 19 undefined on input line 24.


Package natbib Warning: Citation `fanger2016gaussian' on page 19 undefined on input line 24.

[19]

Package natbib Warning: Citation `paraschos2013ProMPs' on page 20 undefined on input line 30.


Package natbib Warning: Citation `saveriano2023dynamic' on page 20 undefined on input line 32.


Package natbib Warning: Citation `zhou2019learning' on page 20 undefined on input line 34.


LaTeX Warning: Reference `fig:vmp' on page 20 undefined on input line 36.


LaTeX Warning: Reference `formula:vmp_elementary_trajectory_linear_velocity' on page 20 undefined on input line 36.


LaTeX Warning: Reference `formula:vmp_elementary_minimum_jerk' on page 20 undefined on input line 36.

(./formula/vmp_elementary_trajectory.tex [20]) (./figures/ch1/vmp.tex
<figures/images/vmp/vmp.png, id=183, 508.14844pt x 389.20406pt>
File: figures/images/vmp/vmp.png Graphic file (type png)
<use figures/images/vmp/vmp.png>
Package pdftex.def Info: figures/images/vmp/vmp.png  used on input line 3.
(pdftex.def)             Requested size: 249.19891pt x 190.86606pt.


Package natbib Warning: Citation `zhou2019learning' on page 21 undefined on input line 4.


Package natbib Warning: Citation `zhou2019learning' on page 21 undefined on input line 4.

) [21]
Underfull \vbox (badness 5105) has occurred while \output is active []

 [22 <./figures/images/vmp/vmp.png>]

Package natbib Warning: Citation `meier2011movement_primitive' on page 23 undefined on input line 51.


Package natbib Warning: Citation `caccavale2019kinesthetic' on page 23 undefined on input line 51.


Package natbib Warning: Citation `agostini2020manipulation' on page 23 undefined on input line 51.


Package natbib Warning: Citation `meier2011movement_primitive' on page 23 undefined on input line 53.


Package natbib Warning: Citation `caccavale2019kinesthetic' on page 23 undefined on input line 53.

(./chapters/ch1/sota/bc_single_task_imitation_learning.tex [23]

Package natbib Warning: Citation `pomerleau1988alvinn' on page 24 undefined on input line 4.


Package natbib Warning: Citation `zhang2018deep_vr_teleoperation' on page 24 undefined on input line 6.


LaTeX Warning: Reference `fig:deep_bc' on page 24 undefined on input line 6.


LaTeX Warning: Reference `table:deep_vr_teleoperation_results' on page 24 undefined on input line 6.

(./figures/ch1/deep_visual_bc.tex
<figures/images/deep_imitation_bc/deep_imitation_bc.jpg, id=204, 1001.24063pt x 255.20343pt>
File: figures/images/deep_imitation_bc/deep_imitation_bc.jpg Graphic file (type jpg)
<use figures/images/deep_imitation_bc/deep_imitation_bc.jpg>
Package pdftex.def Info: figures/images/deep_imitation_bc/deep_imitation_bc.jpg  used on input line 3.
(pdftex.def)             Requested size: 320.39783pt x 81.66676pt.


Package natbib Warning: Citation `zhang2018deep_vr_teleoperation' on page 24 undefined on input line 4.


Package natbib Warning: Citation `zhang2018deep_vr_teleoperation' on page 24 undefined on input line 4.

) (./tables/ch1/deep_bc_teleoperation_results.tex [24]

Package natbib Warning: Citation `zhang2018deep_vr_teleoperation' on page 25 undefined on input line 7.


Package natbib Warning: Citation `zhang2018deep_vr_teleoperation' on page 25 undefined on input line 7.

)

Package natbib Warning: Citation `mandlekar2022matters' on page 25 undefined on input line 9.


LaTeX Warning: Reference `fig:what_matters_task' on page 25 undefined on input line 11.

[25 <./figures/images/deep_imitation_bc/deep_imitation_bc.jpg>]
Overfull \hbox (5.56754pt too wide) in paragraph at lines 15--16
[]\OT1/cmr/m/it/12 Observation Space\OT1/cmr/m/n/12 : Com-par-ing the per-for-mance of meth-ods based
 []

(./figures/ch1/what_matters.tex
<figures/images/what_matters/task.png, id=215, 600.74437pt x 290.58563pt>
File: figures/images/what_matters/task.png Graphic file (type png)
<use figures/images/what_matters/task.png>
Package pdftex.def Info: figures/images/what_matters/task.png  used on input line 3.
(pdftex.def)             Requested size: 320.39783pt x 154.98512pt.


Package natbib Warning: Citation `mandlekar2022matters' on page 26 undefined on input line 4.


Package natbib Warning: Citation `mandlekar2022matters' on page 26 undefined on input line 4.

)

LaTeX Warning: Reference `table:what_matters_res_low_dimensional' on page 26 undefined on input line 19.


Overfull \hbox (12.21017pt too wide) in paragraph at lines 21--22
[]\OT1/cmr/m/n/12 In con-clu-sion, for real-world tasks, the BC-RNN ar-chi-tec-ture achieved
 []

[26 <./figures/images/what_matters/task.png>] (./tables/ch1/what_matters_res.tex)

Package natbib Warning: Citation `shafiullah2022behavior' on page 27 undefined on input line 24.


Package natbib Warning: Citation `nair2022r3m' on page 27 undefined on input line 24.


Package natbib Warning: Citation `cheng2023diffusion' on page 27 undefined on input line 24.


Package natbib Warning: Citation `shi2023waypoint' on page 27 undefined on input line 24.


Package natbib Warning: Citation `nair2022r3m' on page 27 undefined on input line 26.

[27]

Package natbib Warning: Citation `nair2022r3m' on page 28 undefined on input line 28.


Package natbib Warning: Citation `grauman2022ego4d' on page 28 undefined on input line 28.


Package natbib Warning: Citation `resnet' on page 28 undefined on input line 28.

[28]

Package natbib Warning: Citation `cheng2023diffusion' on page 29 undefined on input line 38.


LaTeX Warning: Reference `eq:denoising' on page 29 undefined on input line 38.


LaTeX Warning: Reference `fig:diffusion_model' on page 29 undefined on input line 43.

(./figures/ch1/diffusion_il.tex
<figures/images/diffusion_policy/diffusion_model.png, id=233, 1496.59125pt x 424.58624pt>
File: figures/images/diffusion_policy/diffusion_model.png Graphic file (type png)
<use figures/images/diffusion_policy/diffusion_model.png>
Package pdftex.def Info: figures/images/diffusion_policy/diffusion_model.png  used on input line 3.
(pdftex.def)             Requested size: 356.0pt x 100.99576pt.


Package natbib Warning: Citation `cheng2023diffusion' on page 29 undefined on input line 4.


Package natbib Warning: Citation `perez2018film' on page 29 undefined on input line 4.


Package natbib Warning: Citation `cheng2023diffusion' on page 29 undefined on input line 4.


Package natbib Warning: Citation `perez2018film' on page 29 undefined on input line 4.

) [29]

LaTeX Warning: Reference `fig:what_matters_task' on page 30 undefined on input line 49.


Package natbib Warning: Citation `shi2023waypoint' on page 30 undefined on input line 51.


LaTeX Warning: Reference `eq:awe' on page 30 undefined on input line 52.


Underfull \vbox (badness 10000) has occurred while \output is active []

 [30 <./figures/images/diffusion_policy/diffusion_model.png>]

Package natbib Warning: Citation `cheng2023diffusion' on page 31 undefined on input line 57.


Package natbib Warning: Citation `mandlekar2022matters' on page 31 undefined on input line 57.


Package natbib Warning: Citation `cheng2023diffusion' on page 31 undefined on input line 57.

[31]) (./chapters/ch1/sota/bc_interactive_imitation_learning.tex

Package natbib Warning: Citation `pomerleau1988alvinn' on page 32 undefined on input line 2.


Package natbib Warning: Citation `ross2010efficient_reductions' on page 32 undefined on input line 6.

[32]

Package natbib Warning: Citation `ross2011dagger' on page 33 undefined on input line 8.


LaTeX Warning: Reference `alg:dagger' on page 33 undefined on input line 8.


Package natbib Warning: Citation `laskey2017comparing_hc_rc' on page 33 undefined on input line 8.

(./algorithm/dagger.tex

Package natbib Warning: Citation `ross2011dagger' on page 33 undefined on input line 2.


Package natbib Warning: Citation `ross2011dagger' on page 33 undefined on input line 2.

)

Package natbib Warning: Citation `kelly2019hg_dagger' on page 33 undefined on input line 11.


Package natbib Warning: Citation `jang2022bc_z' on page 33 undefined on input line 11.

[33]

Package natbib Warning: Citation `mandlekar2020human_in_the_loop' on page 34 undefined on input line 13.


Package natbib Warning: Citation `chisari2022correct' on page 34 undefined on input line 13.


Package natbib Warning: Citation `chisari2022correct' on page 34 undefined on input line 15.

) (./chapters/ch1/sota/bc_multi_task_imitation_learning.tex

LaTeX Warning: Reference `sec:problem_formulation' on page 34 undefined on input line 5.

[34]

LaTeX Warning: Reference `sec:problem_formulation' on page 35 undefined on input line 8.


Package natbib Warning: Citation `james2018task_embedded' on page 35 undefined on input line 9.


Package natbib Warning: Citation `bhutani2022attentive_one_shot' on page 35 undefined on input line 9.


Package natbib Warning: Citation `dasari2021transformers_one_shot' on page 35 undefined on input line 9.


Package natbib Warning: Citation `mandi2022towards_more_generalizable_one_shot' on page 35 undefined on input line 9.


Package natbib Warning: Citation `stepputtis2020language' on page 35 undefined on input line 9.


Package natbib Warning: Citation `jang2022bc_z' on page 35 undefined on input line 9.


Package natbib Warning: Citation `mees2022calvin' on page 35 undefined on input line 9.


Package natbib Warning: Citation `doasIcan2022' on page 35 undefined on input line 9.


Package natbib Warning: Citation `mees2022hulc' on page 35 undefined on input line 9.


Package natbib Warning: Citation `brohan2022rt' on page 35 undefined on input line 9.


Package natbib Warning: Citation `shridhar2023perceiver' on page 35 undefined on input line 9.


Package natbib Warning: Citation `jiang2023vima' on page 35 undefined on input line 9.


LaTeX Warning: Reference `eq:mse' on page 35 undefined on input line 12.


LaTeX Warning: Reference `eq:nll' on page 35 undefined on input line 12.

(./formula/loss_functions.tex [35])

LaTeX Warning: Reference `fig:mtil_taxonomy' on page 36 undefined on input line 14.

(./figures/ch1/mtil_taxonomy.tex
<figures/images/MTIL_taxonomy.png, id=279, 377.2494pt x 211.0284pt>
File: figures/images/MTIL_taxonomy.png Graphic file (type png)
<use figures/images/MTIL_taxonomy.png>
Package pdftex.def Info: figures/images/MTIL_taxonomy.png  used on input line 3.
(pdftex.def)             Requested size: 284.80109pt x 159.32385pt.
)

Package natbib Warning: Citation `finn2017maml' on page 36 undefined on input line 17.


Package natbib Warning: Citation `finn2017maml' on page 36 undefined on input line 17.


LaTeX Warning: Reference `alg:maml' on page 36 undefined on input line 17.

[36 <./figures/images/MTIL_taxonomy.png>]

LaTeX Warning: Reference `fig:maml_weights' on page 37 undefined on input line 21.

(./algorithm/maml.tex

Package natbib Warning: Citation `finn2017maml' on page 37 undefined on input line 2.


Package natbib Warning: Citation `finn2017maml' on page 37 undefined on input line 2.

) (./figures/ch1/maml_weigths.tex
<figures/images/maml_weights.png, id=287, 249.18094pt x 145.29282pt>
File: figures/images/maml_weights.png Graphic file (type png)
<use figures/images/maml_weights.png>
Package pdftex.def Info: figures/images/maml_weights.png  used on input line 3.
(pdftex.def)             Requested size: 213.60217pt x 124.55031pt.
)

Package natbib Warning: Citation `finn2017one_shot_visual_il' on page 37 undefined on input line 25.


Package natbib Warning: Citation `yu2018daml' on page 37 undefined on input line 25.


Package natbib Warning: Citation `yu2018one_shot_hil' on page 37 undefined on input line 25.


Package natbib Warning: Citation `finn2017one_shot_visual_il' on page 37 undefined on input line 27.


Package natbib Warning: Citation `duan2017one_shot_il' on page 37 undefined on input line 27.


LaTeX Warning: Reference `alg:maml' on page 37 undefined on input line 27.


Package natbib Warning: Citation `duan2017one_shot_il' on page 37 undefined on input line 27.

[37]

Package natbib Warning: Citation `yu2018daml' on page 38 undefined on input line 29.


LaTeX Warning: Reference `fig:daml_tasks' on page 38 undefined on input line 29.


LaTeX Warning: Reference `eq:daml' on page 38 undefined on input line 29.

(./formula/daml.tex
Underfull \vbox (badness 10000) has occurred while \output is active []

 [38])

LaTeX Warning: Reference `fig:daml_temporal_adaptation_loss' on page 39 undefined on input line 32.


LaTeX Warning: Reference `eq:daml_temporal_adaptation_loss' on page 39 undefined on input line 32.

[39 <./figures/images/maml_weights.png>] (./formula/daml_temporal_adaptation_loss.tex) (./figures/ch1/daml.tex
<figures/images/daml/tasks.jpg, id=317, 1028.34187pt x 168.63pt>
File: figures/images/daml/tasks.jpg Graphic file (type jpg)
<use figures/images/daml/tasks.jpg>
Package pdftex.def Info: figures/images/daml/tasks.jpg  used on input line 3.
(pdftex.def)             Requested size: 356.0pt x 58.3781pt.


Package natbib Warning: Citation `yu2018daml' on page 40 undefined on input line 4.


Package natbib Warning: Citation `yu2018daml' on page 40 undefined on input line 4.

<figures/images/daml/daml_temporal_adaptation_loss.png, id=318, 788.19469pt x 369.63094pt>
File: figures/images/daml/daml_temporal_adaptation_loss.png Graphic file (type png)
<use figures/images/daml/daml_temporal_adaptation_loss.png>
Package pdftex.def Info: figures/images/daml/daml_temporal_adaptation_loss.png  used on input line 10.
(pdftex.def)             Requested size: 284.80109pt x 133.55771pt.
) [40] [41 <./figures/images/daml/tasks.jpg> <./figures/images/daml/daml_temporal_adaptation_loss.png>]

Package natbib Warning: Citation `stepputtis2020language' on page 42 undefined on input line 54.


Package natbib Warning: Citation `jang2022bc_z' on page 42 undefined on input line 54.


Package natbib Warning: Citation `stepputtis2020language' on page 42 undefined on input line 54.


LaTeX Warning: Reference `fig:language_conditioned' on page 42 undefined on input line 54.


Package natbib Warning: Citation `fastrcnn' on page 42 undefined on input line 56.


Package natbib Warning: Citation `pennington2014glove' on page 42 undefined on input line 56.

[42]

LaTeX Warning: Reference `fig:objects' on page 43 undefined on input line 58.

(./figures/ch1/language_conditioned.tex
<figures/images/language_conditioned/architecture.png, id=338, 922.94812pt x 228.10219pt>
File: figures/images/language_conditioned/architecture.png Graphic file (type png)
<use figures/images/language_conditioned/architecture.png>
Package pdftex.def Info: figures/images/language_conditioned/architecture.png  used on input line 3.
(pdftex.def)             Requested size: 320.39783pt x 79.1826pt.


Package natbib Warning: Citation `stepputtis2020language' on page 43 undefined on input line 4.


Package natbib Warning: Citation `stepputtis2020language' on page 43 undefined on input line 4.

<figures/images/language_conditioned/objects.png, id=339, 916.92563pt x 192.72pt>
File: figures/images/language_conditioned/objects.png Graphic file (type png)
<use figures/images/language_conditioned/objects.png>
Package pdftex.def Info: figures/images/language_conditioned/objects.png  used on input line 10.
(pdftex.def)             Requested size: 320.39783pt x 67.34125pt.

Package natbib Warning: Citation `stepputtis2020language' on page 43 undefined on input line 11.


Package natbib Warning: Citation `stepputtis2020language' on page 43 undefined on input line 11.

)

Package natbib Warning: Citation `jang2022bc_z' on page 43 undefined on input line 61.


Package natbib Warning: Citation `kelly2019hg_dagger' on page 43 undefined on input line 61.


LaTeX Warning: Reference `fig:bcz_architecture' on page 43 undefined on input line 61.


Package natbib Warning: Citation `perez2018film' on page 43 undefined on input line 63.

[43] (./figures/ch1/bc-z.tex
<figures/images/bc_z/bc-z-network.jpg, id=345, 1206.75844pt x 375.65344pt>
File: figures/images/bc_z/bc-z-network.jpg Graphic file (type jpg)
<use figures/images/bc_z/bc-z-network.jpg>
Package pdftex.def Info: figures/images/bc_z/bc-z-network.jpg  used on input line 3.
(pdftex.def)             Requested size: 320.39783pt x 99.73683pt.


Package natbib Warning: Citation `jang2022bc_z' on page 44 undefined on input line 4.


Package natbib Warning: Citation `jang2022bc_z' on page 44 undefined on input line 4.

) [44 <./figures/images/language_conditioned/architecture.png> <./figures/images/language_conditioned/objects.png>]

Package natbib Warning: Citation `brohan2022rt' on page 45 undefined on input line 68.


Package natbib Warning: Citation `mees2022calvin' on page 45 undefined on input line 68.


Package natbib Warning: Citation `mees2022hulc' on page 45 undefined on input line 68.


Package natbib Warning: Citation `brohan2022rt' on page 45 undefined on input line 70.


Package natbib Warning: Citation `brohan2022rt' on page 45 undefined on input line 70.


LaTeX Warning: Reference `fig:rt_1_dataset' on page 45 undefined on input line 70.


LaTeX Warning: Reference `fig:rt_1_model' on page 45 undefined on input line 70.


Package natbib Warning: Citation `jang2022bc_z' on page 45 undefined on input line 70.


Package natbib Warning: Citation `tan2019efficientnet' on page 45 undefined on input line 70.


Package natbib Warning: Citation `cer2018universal' on page 45 undefined on input line 70.


Package natbib Warning: Citation `ryoo2021tokenlearner' on page 45 undefined on input line 70.

(./figures/ch1/rt1_model.tex
<figures/images/rt_1/dataset_image.png, id=354, 654.94687pt x 176.15813pt>
File: figures/images/rt_1/dataset_image.png Graphic file (type png)
<use figures/images/rt_1/dataset_image.png>
Package pdftex.def Info: figures/images/rt_1/dataset_image.png  used on input line 3.
(pdftex.def)             Requested size: 284.80109pt x 76.60127pt.
 [45 <./figures/images/bc_z/bc-z-network.jpg>]
<figures/images/rt_1/model.png, id=360, 778.40813pt x 199.49532pt>
File: figures/images/rt_1/model.png Graphic file (type png)
<use figures/images/rt_1/model.png>
Package pdftex.def Info: figures/images/rt_1/model.png  used on input line 10.
(pdftex.def)             Requested size: 356.0pt x 91.23929pt.


Package natbib Warning: Citation `brohan2022rt' on page 46 undefined on input line 11.


Package natbib Warning: Citation `brohan2022rt' on page 46 undefined on input line 11.

) (./tables/ch1/rt_1_dataset.tex

Package natbib Warning: Citation `brohan2022rt' on page 46 undefined on input line 7.


Package natbib Warning: Citation `brohan2022rt' on page 46 undefined on input line 7.

)

LaTeX Warning: Reference `table:rt1_results' on page 46 undefined on input line 73.


Package natbib Warning: Citation `brohan2022rt' on page 46 undefined on input line 73.


Package natbib Warning: Citation `grill2003neural' on page 46 undefined on input line 74.

(./tables/ch1/rt_1_results.tex
Underfull \vbox (badness 1436) has occurred while \output is active []

 [46 <./figures/images/rt_1/dataset_image.png> <./figures/images/rt_1/model.png>]

Package natbib Warning: Citation `brohan2022rt' on page 47 undefined on input line 7.


Package natbib Warning: Citation `brohan2022rt' on page 47 undefined on input line 7.


Underfull \vbox (badness 10000) has occurred while \output is active []

 [47])

Package natbib Warning: Citation `mees2022calvin' on page 48 undefined on input line 77.


LaTeX Warning: Reference `fig:calvin_env' on page 48 undefined on input line 77.

(./figures/ch1/calvin.tex
<figures/images/calvin/calvin_env.png, id=375, 918.43124pt x 309.40594pt>
File: figures/images/calvin/calvin_env.png Graphic file (type png)
<use figures/images/calvin/calvin_env.png>
Package pdftex.def Info: figures/images/calvin/calvin_env.png  used on input line 3.
(pdftex.def)             Requested size: 320.39783pt x 107.9396pt.


Package natbib Warning: Citation `calvin' on page 48 undefined on input line 4.


Package natbib Warning: Citation `calvin' on page 48 undefined on input line 4.

)

Package natbib Warning: Citation `mees2022hulc' on page 48 undefined on input line 79.


Package natbib Warning: Citation `mees2023hulc++' on page 48 undefined on input line 79.


Package natbib Warning: Citation `reuss2024multimodal' on page 48 undefined on input line 79.


Package natbib Warning: Citation `reuss2024multimodal' on page 48 undefined on input line 79.


LaTeX Warning: Reference `fig:mdt_architecture' on page 48 undefined on input line 79.

[48 <./figures/images/calvin/calvin_env.png>]
Overfull \hbox (4.2868pt too wide) in paragraph at lines 81--82
[]\OT1/cmr/m/it/12 Masked Gen-er-a-tive Fore-sight \OT1/cmr/m/n/12 (MGF) is a reconstruction-loss func-
 []

(./figures/ch1/mdt_architecture.tex
<figures/images/mdt/mdt_architecture.png, id=383, 746.79pt x 330.48468pt>
File: figures/images/mdt/mdt_architecture.png Graphic file (type png)
<use figures/images/mdt/mdt_architecture.png>
Package pdftex.def Info: figures/images/mdt/mdt_architecture.png  used on input line 3.
(pdftex.def)             Requested size: 356.0pt x 157.5416pt.


Package natbib Warning: Citation `reuss2024multimodal' on page 49 undefined on input line 4.


Package natbib Warning: Citation `reuss2024multimodal' on page 49 undefined on input line 4.

[49])

Package natbib Warning: Citation `shridhar2022cliport' on page 50 undefined on input line 87.


Package natbib Warning: Citation `shridhar2023perceiver' on page 50 undefined on input line 87.


Package natbib Warning: Citation `shridhar2022cliport' on page 50 undefined on input line 87.


Package natbib Warning: Citation `radford2021learning' on page 50 undefined on input line 87.


Package natbib Warning: Citation `zeng2021transporter' on page 50 undefined on input line 87.


LaTeX Warning: Reference `fig:clip_port_architecture' on page 50 undefined on input line 87.


LaTeX Warning: Reference `fig:clip_port_affordance' on page 50 undefined on input line 87.

[50 <./figures/images/mdt/mdt_architecture.png>]

LaTeX Warning: Reference `table:rt1_results' on page 51 undefined on input line 89.

(./figures/ch1/clip_port.tex
<figures/images/clip_port/architecture.png, id=394, 1075.76906pt x 483.30562pt>
File: figures/images/clip_port/architecture.png Graphic file (type png)
<use figures/images/clip_port/architecture.png>
Package pdftex.def Info: figures/images/clip_port/architecture.png  used on input line 3.
(pdftex.def)             Requested size: 356.0pt x 159.93382pt.


Package natbib Warning: Citation `shridhar2022cliport' on page 51 undefined on input line 4.


Package natbib Warning: Citation `shridhar2022cliport' on page 51 undefined on input line 4.

<figures/images/clip_port/affordance_map.png, id=395, 609.915pt x 171.258pt>
File: figures/images/clip_port/affordance_map.png Graphic file (type png)
<use figures/images/clip_port/affordance_map.png>
Package pdftex.def Info: figures/images/clip_port/affordance_map.png  used on input line 10.
(pdftex.def)             Requested size: 284.80109pt x 79.96863pt.
)
Overfull \hbox (1.08797pt too wide) in paragraph at lines 93--94
\OT1/cmr/m/n/12 di-tioned MTIL, par-tic-u-larly in terms of ar-chi-tec-tural de-signs and learn-
 []

[51]

Package natbib Warning: Citation `james2018task_embedded' on page 52 undefined on input line 97.


Package natbib Warning: Citation `bhutani2022attentive_one_shot' on page 52 undefined on input line 97.


Package natbib Warning: Citation `james2018task_embedded' on page 52 undefined on input line 97.


LaTeX Warning: Reference `fig:task_embedded' on page 52 undefined on input line 97.


Underfull \vbox (badness 10000) has occurred while \output is active []

 [52 <./figures/images/clip_port/architecture.png>]

LaTeX Warning: Reference `eq:task_loss' on page 53 undefined on input line 100.

(./figures/ch1/task_embedded.tex
<figures/images/task_embedded/task_embedded.png, id=406, 1112.65688pt x 264.99pt>
File: figures/images/task_embedded/task_embedded.png Graphic file (type png)
<use figures/images/task_embedded/task_embedded.png>
Package pdftex.def Info: figures/images/task_embedded/task_embedded.png  used on input line 3.
(pdftex.def)             Requested size: 356.0pt x 84.78639pt.


Package natbib Warning: Citation `james2018task_embedded' on page 53 undefined on input line 4.


Package natbib Warning: Citation `james2018task_embedded' on page 53 undefined on input line 4.

) [53 <./figures/images/clip_port/affordance_map.png>]

Package natbib Warning: Citation `dasari2021transformers_one_shot' on page 54 undefined on input line 113.


Package natbib Warning: Citation `mandi2022towards_more_generalizable_one_shot' on page 54 undefined on input line 113.


Package natbib Warning: Citation `dasari2021transformers_one_shot' on page 54 undefined on input line 115.


LaTeX Warning: Reference `fig:tosil_architecture' on page 54 undefined on input line 115.


Package natbib Warning: Citation `resnet' on page 54 undefined on input line 117.

[54 <./figures/images/task_embedded/task_embedded.png>]

Package natbib Warning: Citation `vaswani2017attention' on page 55 undefined on input line 118.


LaTeX Warning: Reference `eq:tosil_bc' on page 55 undefined on input line 123.


LaTeX Warning: Reference `eq:tosil_inv' on page 55 undefined on input line 128.


LaTeX Warning: Reference `fig:tosil_task' on page 55 undefined on input line 136.

(./figures/ch1/tosil.tex
<figures/images/tosil/tosil_architecture.png, id=421, 860.7357pt x 447.3513pt>
File: figures/images/tosil/tosil_architecture.png Graphic file (type png)
<use figures/images/tosil/tosil_architecture.png>
Package pdftex.def Info: figures/images/tosil